<?xml version="1.0" encoding="UTF-8"?>
<!-- Generated by org.testng.reporters.JUnitReportReporter -->
<testsuite hostname="LATITUDE" failures="0" tests="1" name="pack1.AnnotationsAndListenerOrder" time="0.008" errors="0" timestamp="2025-09-28T09:43:04 IST" skipped="0">
  <testcase classname="pack1.AnnotationsAndListenerOrder" name="testCase1" time="0.008"/>
</testsuite> <!-- pack1.AnnotationsAndListenerOrder -->
