<?xml version="1.0" encoding="UTF-8"?>
<!-- Generated by org.testng.reporters.JUnitReportReporter -->
<testsuite hostname="LATITUDE" failures="0" tests="1" name="pack1.OrangeHrmLogin_TestNg" time="4.453" errors="0" timestamp="2025-09-21T11:26:32 IST" skipped="0">
  <testcase classname="pack1.OrangeHrmLogin_TestNg" name="loginTest" time="4.453"/>
</testsuite> <!-- pack1.OrangeHrmLogin_TestNg -->
