<?xml version="1.0" encoding="UTF-8"?>
<!-- Generated by org.testng.reporters.JUnitReportReporter -->
<testsuite hostname="LATITUDE" failures="0" tests="4" name="pack1.Annotation1" time="0.069" errors="0" timestamp="2025-09-28T08:52:47 IST" skipped="1">
  <testcase classname="pack1.Annotation1" name="testCase2" time="0.054"/>
  <testcase classname="pack1.Annotation1" name="xestCase1" time="0.007"/>
  <testcase classname="pack1.Annotation1" name="cestCase3" time="0.008"/>
  <testcase classname="pack1.Annotation1" name="festCase3">
    <skipped/>
  </testcase> <!-- festCase3 -->
</testsuite> <!-- pack1.Annotation1 -->
