<?xml version="1.0" encoding="UTF-8"?>
<!-- Generated by org.testng.reporters.JUnitReportReporter -->
<testsuite hostname="LATITUDE" failures="0" tests="8" name="pack1.Class_1" time="0.034" errors="0" timestamp="2025-09-21T09:50:00 IST" skipped="2">
  <testcase classname="pack1.Class_1" name="testCase2" time="0.006"/>
  <testcase classname="pack1.Class_1" name="testCase2" time="0.007"/>
  <testcase classname="pack1.Class_1" name="xestCase1" time="0.004"/>
  <testcase classname="pack1.Class_1" name="xestCase1" time="0.005"/>
  <testcase classname="pack1.Class_1" name="cestCase3" time="0.006"/>
  <testcase classname="pack1.Class_1" name="cestCase3" time="0.006"/>
  <testcase classname="pack1.Class_1" name="festCase3">
    <skipped/>
  </testcase> <!-- festCase3 -->
  <testcase classname="pack1.Class_1" name="festCase3">
    <skipped/>
  </testcase> <!-- festCase3 -->
  <system-out>
    <![CDATA[TestCase4
TestCase4]]>
  </system-out>
</testsuite> <!-- pack1.Class_1 -->
