<?xml version="1.0" encoding="UTF-8"?>
<!-- Generated by org.testng.reporters.JUnitReportReporter -->
<testsuite hostname="LATITUDE" failures="0" tests="2" name="pack1.AnnotationsOrder" time="0.016" errors="0" timestamp="2025-09-28T09:40:50 IST" skipped="0">
  <testcase classname="pack1.AnnotationsOrder" name="testCase1" time="0.013"/>
  <testcase classname="pack1.AnnotationsOrder" name="cestCase3" time="0.003"/>
</testsuite> <!-- pack1.AnnotationsOrder -->
