<?xml version="1.0" encoding="UTF-8"?>
<!-- Generated by org.testng.reporters.JUnitReportReporter -->
<testsuite hostname="LATITUDE" failures="0" tests="4" name="pack1.InclusionExclusion2" time="0.010" errors="0" timestamp="2025-09-21T11:14:21 IST" skipped="0">
  <testcase classname="pack1.InclusionExclusion2" name="cestCase8" time="0.003"/>
  <testcase classname="pack1.InclusionExclusion2" name="festCase7" time="0.003"/>
  <testcase classname="pack1.InclusionExclusion2" name="testCase6" time="0.002"/>
  <testcase classname="pack1.InclusionExclusion2" name="xestCase5" time="0.002"/>
</testsuite> <!-- pack1.InclusionExclusion2 -->
