<?xml version="1.0" encoding="UTF-8"?>
<!-- Generated by org.testng.reporters.JUnitReportReporter -->
<testsuite hostname="LATITUDE" failures="0" tests="3" name="pack1.Class_1" time="0.025" errors="0" timestamp="2025-09-20T11:26:04 IST" skipped="1">
  <testcase classname="pack1.Class_1" name="xestCase1" time="0.020"/>
  <testcase classname="pack1.Class_1" name="cestCase3" time="0.005"/>
  <testcase classname="pack1.Class_1" name="festCase3">
    <skipped/>
  </testcase> <!-- festCase3 -->
</testsuite> <!-- pack1.Class_1 -->
