<?xml version="1.0" encoding="UTF-8"?>
<!-- Generated by org.testng.reporters.JUnitReportReporter -->
<testsuite hostname="LATITUDE" failures="0" tests="2" name="pack1.Annotation2" time="0.012" errors="0" timestamp="2025-09-28T09:21:18 IST" skipped="0">
  <testcase classname="pack1.Annotation2" name="TestCase5" time="0.009"/>
  <testcase classname="pack1.Annotation2" name="TestCase4" time="0.003">
    <system-out>
      <![CDATA[TestCase4]]>
    </system-out>
  </testcase> <!-- TestCase4 -->
  <system-out>
    <![CDATA[TestCase4]]>
  </system-out>
</testsuite> <!-- pack1.Annotation2 -->
