<?xml version="1.0" encoding="UTF-8"?>
<!-- Generated by org.testng.reporters.JUnitReportReporter -->
<testsuite hostname="LATITUDE" failures="0" tests="1" name="pack1.Class_3" time="0.021" errors="0" timestamp="2025-09-21T09:56:29 IST" skipped="0">
  <testcase classname="pack1.Class_3" name="testCase1" time="0.021"/>
</testsuite> <!-- pack1.Class_3 -->
