<?xml version="1.0" encoding="UTF-8"?>
<!-- Generated by org.testng.reporters.JUnitReportReporter -->
<testsuite hostname="LATITUDE" failures="0" tests="4" name="pack1.Class_2" time="0.029" errors="0" timestamp="2025-09-21T09:50:00 IST" skipped="0">
  <testcase classname="pack1.Class_2" name="TestCase5" time="0.017"/>
  <testcase classname="pack1.Class_2" name="TestCase5" time="0.003"/>
  <testcase classname="pack1.Class_2" name="TestCase4" time="0.005">
    <system-out>
      <![CDATA[TestCase4]]>
    </system-out>
  </testcase> <!-- TestCase4 -->
  <testcase classname="pack1.Class_2" name="TestCase4" time="0.004">
    <system-out>
      <![CDATA[TestCase4]]>
    </system-out>
  </testcase> <!-- TestCase4 -->
  <system-out>
    <![CDATA[TestCase4
TestCase4]]>
  </system-out>
</testsuite> <!-- pack1.Class_2 -->
