<?xml version="1.0" encoding="UTF-8"?>
<!-- Generated by org.testng.reporters.JUnitReportReporter -->
<testsuite hostname="LATITUDE" failures="0" tests="1" name="testSuites.LoginTestSuite" time="5.259" errors="0" timestamp="2025-10-04T09:40:21 IST" skipped="0">
  <testcase classname="testSuites.LoginTestSuite" name="tc_123_LoginTest" time="5.259"/>
</testsuite> <!-- testSuites.LoginTestSuite -->
