<?xml version="1.0" encoding="UTF-8"?>
<!-- Generated by org.testng.reporters.JUnitReportReporter -->
<testsuite hostname="LATITUDE" failures="0" tests="1" name="testSuites.ProfileTestSuite" time="19.891" errors="0" timestamp="2025-10-04T10:40:23 IST" skipped="0">
  <testcase classname="testSuites.ProfileTestSuite" name="tc_123_updateProfileTest" time="19.891"/>
</testsuite> <!-- testSuites.ProfileTestSuite -->
