<?xml version="1.0" encoding="UTF-8"?>
<!-- Generated by org.testng.reporters.JUnitReportReporter -->
<testsuite hostname="LATITUDE" failures="0" tests="1" name="testSuites.LoginTestSuite" time="5.679" errors="0" timestamp="2025-09-28T11:39:38 IST" skipped="0">
  <testcase classname="testSuites.LoginTestSuite" name="tc_123_LoginTest" time="5.679"/>
</testsuite> <!-- testSuites.LoginTestSuite -->
